INFO:root:CLASSES_5_BATCHSIZE_10_EPOCHS_5_TRAIN_2397_VAL_600.log
INFO:root:Epoch 0/4
INFO:root:----------
INFO:root:train Loss: 1.5502 Acc: 0.3367
INFO:root:val Loss: 1.4855 Acc: 0.3433
INFO:root:Epoch 1/4
INFO:root:----------
INFO:root:train Loss: 1.2849 Acc: 0.4727
INFO:root:val Loss: 1.2478 Acc: 0.4883
INFO:root:Epoch 2/4
INFO:root:----------
INFO:root:train Loss: 1.1846 Acc: 0.5152
INFO:root:val Loss: 1.1498 Acc: 0.5200
INFO:root:Epoch 3/4
INFO:root:----------
INFO:root:train Loss: 1.1141 Acc: 0.5707
INFO:root:val Loss: 1.1462 Acc: 0.5117
INFO:root:Epoch 4/4
INFO:root:----------
INFO:root:train Loss: 1.0695 Acc: 0.5707
INFO:root:val Loss: 1.1041 Acc: 0.5500
INFO:root:Training complete in 1m 15s
INFO:root:Best val Acc: 0.550000
INFO:root:CLASSES_5_BATCHSIZE_10_EPOCHS_40_TRAIN_2397_VAL_600.log
INFO:root:Epoch 0/39
INFO:root:----------
INFO:root:train Loss: 1.5150 Acc: 0.3338
INFO:root:val Loss: 1.2875 Acc: 0.4800
INFO:root:Epoch 1/39
INFO:root:----------
INFO:root:train Loss: 1.2861 Acc: 0.4660
INFO:root:val Loss: 1.1729 Acc: 0.5133
INFO:root:Epoch 2/39
INFO:root:----------
INFO:root:train Loss: 1.1654 Acc: 0.5332
INFO:root:val Loss: 1.2310 Acc: 0.4933
INFO:root:Epoch 3/39
INFO:root:----------
INFO:root:train Loss: 1.1155 Acc: 0.5607
INFO:root:val Loss: 1.1254 Acc: 0.5233
INFO:root:Epoch 4/39
INFO:root:----------
INFO:root:train Loss: 1.0476 Acc: 0.5861
INFO:root:val Loss: 1.1033 Acc: 0.5400
INFO:root:Epoch 5/39
INFO:root:----------
INFO:root:train Loss: 1.0426 Acc: 0.5916
INFO:root:val Loss: 1.0599 Acc: 0.5683
INFO:root:Epoch 6/39
INFO:root:----------
INFO:root:train Loss: 0.9593 Acc: 0.6208
INFO:root:val Loss: 1.0499 Acc: 0.5767
INFO:root:Epoch 7/39
INFO:root:----------
INFO:root:train Loss: 0.9062 Acc: 0.6533
INFO:root:val Loss: 0.9959 Acc: 0.5983
INFO:root:Epoch 8/39
INFO:root:----------
INFO:root:train Loss: 0.8974 Acc: 0.6721
INFO:root:val Loss: 0.9948 Acc: 0.5933
INFO:root:Epoch 9/39
INFO:root:----------
INFO:root:train Loss: 0.8738 Acc: 0.6796
INFO:root:val Loss: 1.0183 Acc: 0.5750
INFO:root:Epoch 10/39
INFO:root:----------
INFO:root:train Loss: 0.8903 Acc: 0.6654
INFO:root:val Loss: 0.9950 Acc: 0.6050
INFO:root:Epoch 11/39
INFO:root:----------
INFO:root:train Loss: 0.8902 Acc: 0.6758
INFO:root:val Loss: 0.9986 Acc: 0.5967
INFO:root:Epoch 12/39
INFO:root:----------
INFO:root:train Loss: 0.8913 Acc: 0.6692
INFO:root:val Loss: 1.0094 Acc: 0.5900
INFO:root:Epoch 13/39
INFO:root:----------
INFO:root:train Loss: 0.8772 Acc: 0.6788
INFO:root:val Loss: 0.9924 Acc: 0.5917
INFO:root:Epoch 14/39
INFO:root:----------
INFO:root:train Loss: 0.8827 Acc: 0.6779
INFO:root:val Loss: 0.9961 Acc: 0.6000
INFO:root:Epoch 15/39
INFO:root:----------
INFO:root:train Loss: 0.8797 Acc: 0.6767
INFO:root:val Loss: 0.9908 Acc: 0.6000
INFO:root:Epoch 16/39
INFO:root:----------
INFO:root:train Loss: 0.8778 Acc: 0.6767
INFO:root:val Loss: 1.0018 Acc: 0.5933
INFO:root:Epoch 17/39
INFO:root:----------
INFO:root:train Loss: 0.8912 Acc: 0.6838
INFO:root:val Loss: 0.9969 Acc: 0.5933
INFO:root:Epoch 18/39
INFO:root:----------
INFO:root:train Loss: 0.8770 Acc: 0.6758
INFO:root:val Loss: 0.9919 Acc: 0.5967
INFO:root:Epoch 19/39
INFO:root:----------
INFO:root:train Loss: 0.8916 Acc: 0.6683
INFO:root:val Loss: 0.9949 Acc: 0.6017
INFO:root:Epoch 20/39
INFO:root:----------
INFO:root:train Loss: 0.8823 Acc: 0.6783
INFO:root:val Loss: 1.0040 Acc: 0.5933
INFO:root:Epoch 21/39
INFO:root:----------
INFO:root:train Loss: 0.8775 Acc: 0.6742
INFO:root:val Loss: 1.0289 Acc: 0.5767
INFO:root:Epoch 22/39
INFO:root:----------
INFO:root:train Loss: 0.8741 Acc: 0.6838
INFO:root:val Loss: 0.9993 Acc: 0.5900
INFO:root:Epoch 23/39
INFO:root:----------
INFO:root:train Loss: 0.8609 Acc: 0.6829
INFO:root:val Loss: 1.0029 Acc: 0.5850
INFO:root:Epoch 24/39
INFO:root:----------
INFO:root:train Loss: 0.8671 Acc: 0.6934
INFO:root:val Loss: 1.0037 Acc: 0.5983
INFO:root:Epoch 25/39
INFO:root:----------
INFO:root:train Loss: 0.8801 Acc: 0.6775
INFO:root:val Loss: 0.9936 Acc: 0.5933
INFO:root:Epoch 26/39
INFO:root:----------
INFO:root:train Loss: 0.8829 Acc: 0.6662
INFO:root:val Loss: 1.0013 Acc: 0.6017
INFO:root:Epoch 27/39
INFO:root:----------
INFO:root:train Loss: 0.8647 Acc: 0.6838
INFO:root:val Loss: 0.9964 Acc: 0.5883
INFO:root:Epoch 28/39
INFO:root:----------
INFO:root:train Loss: 0.8706 Acc: 0.6696
INFO:root:val Loss: 0.9763 Acc: 0.6000
INFO:root:Epoch 29/39
INFO:root:----------
INFO:root:train Loss: 0.8912 Acc: 0.6679
INFO:root:val Loss: 0.9903 Acc: 0.6033
INFO:root:Epoch 30/39
INFO:root:----------
INFO:root:train Loss: 0.8814 Acc: 0.6721
INFO:root:val Loss: 0.9966 Acc: 0.6000
INFO:root:Epoch 31/39
INFO:root:----------
INFO:root:train Loss: 0.8561 Acc: 0.6917
INFO:root:val Loss: 0.9923 Acc: 0.5967
INFO:root:Epoch 32/39
INFO:root:----------
INFO:root:train Loss: 0.8846 Acc: 0.6729
INFO:root:val Loss: 0.9985 Acc: 0.5983
INFO:root:Epoch 33/39
INFO:root:----------
INFO:root:train Loss: 0.8758 Acc: 0.6825
INFO:root:val Loss: 1.0002 Acc: 0.6017
INFO:root:Epoch 34/39
INFO:root:----------
INFO:root:train Loss: 0.8869 Acc: 0.6788
INFO:root:val Loss: 0.9964 Acc: 0.5983
INFO:root:Epoch 35/39
INFO:root:----------
INFO:root:train Loss: 0.8661 Acc: 0.6804
INFO:root:val Loss: 0.9977 Acc: 0.5833
INFO:root:Epoch 36/39
INFO:root:----------
INFO:root:train Loss: 0.8804 Acc: 0.6800
INFO:root:val Loss: 1.0014 Acc: 0.5983
INFO:root:Epoch 37/39
INFO:root:----------
INFO:root:train Loss: 0.8731 Acc: 0.6867
INFO:root:val Loss: 0.9979 Acc: 0.5917
INFO:root:Epoch 38/39
INFO:root:----------
INFO:root:train Loss: 0.8892 Acc: 0.6758
INFO:root:val Loss: 0.9909 Acc: 0.6033
INFO:root:Epoch 39/39
INFO:root:----------
INFO:root:train Loss: 0.8741 Acc: 0.6750
INFO:root:val Loss: 0.9936 Acc: 0.5967
INFO:root:Training complete in 9m 30s
INFO:root:Best val Acc: 0.605000
